<?xml version="1.0" encoding="UTF-8"?>
<testsuites>
  <testsuite name="/workspaces/prueba2/phpunit.xml" tests="4" assertions="8" errors="0" failures="0" skipped="0" time="0.063804">
    <testsuite name="Exercises" tests="4" assertions="8" errors="0" failures="0" skipped="0" time="0.063804">
      <testsuite name="Tests\CalculatorTest" file="/workspaces/prueba2/tests/CalculatorTest.php" tests="4" assertions="8" errors="0" failures="0" skipped="0" time="0.063804">
        <testsuite name="Tests\CalculatorTest::testCalculationsWithDataProvider" tests="4" assertions="8" errors="0" failures="0" skipped="0" time="0.063804">
          <testcase name="testCalculationsWithDataProvider with data set #0" file="/workspaces/prueba2/tests/CalculatorTest.php" line="50" class="Tests\CalculatorTest" classname="Tests.CalculatorTest" assertions="2" time="0.063492"/>
          <testcase name="testCalculationsWithDataProvider with data set #1" file="/workspaces/prueba2/tests/CalculatorTest.php" line="50" class="Tests\CalculatorTest" classname="Tests.CalculatorTest" assertions="2" time="0.000188"/>
          <testcase name="testCalculationsWithDataProvider with data set #2" file="/workspaces/prueba2/tests/CalculatorTest.php" line="50" class="Tests\CalculatorTest" classname="Tests.CalculatorTest" assertions="2" time="0.000069"/>
          <testcase name="testCalculationsWithDataProvider with data set #3" file="/workspaces/prueba2/tests/CalculatorTest.php" line="50" class="Tests\CalculatorTest" classname="Tests.CalculatorTest" assertions="2" time="0.000055"/>
        </testsuite>
      </testsuite>
    </testsuite>
  </testsuite>
</testsuites>
